{
  "RSpec": {
    "coverage": {
      "/Users/apprentice/macronutrients/config/environment.rb": [
        null,
        null,
        null,
        1,
        null,
        1,
        null,
        null,
        1,
        null,
        1,
        1,
        null,
        1,
        1,
        1,
        null,
        1,
        1,
        null,
        1,
        null,
        1,
        null,
        1,
        1,
        null,
        1,
        1,
        null,
        null,
        1,
        null,
        1,
        null,
        1,
        null,
        null,
        1,
        null,
        1,
        1,
        null,
        null,
        1,
        null,
        null,
        null,
        2,
        2,
        null,
        null,
        1,
        null,
        null,
        1
      ],
      "/Users/apprentice/macronutrients/app/controllers/index.rb": [
        1,
        null,
        0,
        null,
        null,
        1,
        0,
        0,
        0,
        0,
        0,
        0,
        null,
        0,
        null,
        null,
        1,
        0,
        null
      ],
      "/Users/apprentice/macronutrients/app/helpers/fatsecret.rb": [
        null,
        1,
        1,
        1,
        1,
        null,
        null,
        1,
        2,
        0,
        null,
        2,
        2,
        2,
        10,
        10,
        null,
        null,
        2,
        null,
        null,
        null,
        1,
        4,
        4,
        null,
        null,
        1,
        4,
        null,
        null,
        1,
        0,
        null,
        null,
        1,
        1,
        1,
        1,
        1,
        5,
        5,
        null,
        1,
        null,
        null,
        null,
        1,
        11,
        11,
        null,
        null,
        null,
        null,
        null,
        null,
        11,
        null,
        null,
        1,
        12,
        12,
        12,
        12,
        12,
        12,
        null,
        null,
        1,
        12,
        12,
        null,
        null,
        1,
        12,
        12,
        null,
        null,
        1,
        12,
        12,
        null,
        null,
        1,
        12,
        12,
        null,
        null
      ],
      "/Users/apprentice/macronutrients/config/database.rb": [
        null,
        1,
        0,
        null,
        null,
        null,
        null,
        null,
        null,
        null,
        null,
        null,
        null,
        null,
        null,
        null,
        null,
        1,
        3,
        3,
        null,
        null,
        null,
        null,
        1,
        null,
        1,
        null,
        null,
        null,
        null,
        null,
        null,
        1,
        null,
        null,
        null,
        null,
        null,
        null,
        null,
        null
      ],
      "/Users/apprentice/macronutrients/app/models/food_nutrition.rb": [
        1,
        1,
        null
      ],
      "/Users/apprentice/macronutrients/spec/nutritiongetter_spec.rb": [
        1,
        null,
        1,
        1,
        1,
        1,
        null,
        null,
        1,
        1,
        1,
        1,
        null,
        null,
        1,
        1,
        null,
        null,
        1,
        1,
        1,
        1,
        1,
        1,
        1,
        null,
        null,
        1,
        1,
        null,
        null,
        1,
        1,
        1,
        1,
        null,
        null,
        1,
        1,
        1,
        1,
        1,
        null,
        null
      ],
      "/Users/apprentice/macronutrients/app/models/result.rb": [
        1,
        1,
        null
      ]
    },
    "timestamp": 1392421512
  }
}
